<?xml version="1.0" encoding="UTF-8"?>
<!-- Generated by org.testng.reporters.JUnitReportReporter -->
<testsuite hostname="DESKTOP-7782260" failures="0" tests="3" name="testngassignment.DataproviderDemoguru" time="20.338" errors="0" timestamp="2024-05-13T13:04:11 IST" skipped="0">
  <testcase classname="testngassignment.DataproviderDemoguru" name="EnterCredentials" time="6.451"/>
  <system-out/>
  <testcase classname="testngassignment.DataproviderDemoguru" name="EnterCredentials" time="6.578"/>
  <system-out/>
  <testcase classname="testngassignment.DataproviderDemoguru" name="EnterCredentials" time="7.309"/>
  <system-out/>
</testsuite> <!-- testngassignment.DataproviderDemoguru -->
