<?xml version="1.0" encoding="UTF-8"?>
<!-- Generated by org.testng.reporters.JUnitReportReporter -->
<testsuite hostname="DESKTOP-7782260" failures="0" tests="1" name="testngassignment.DemoGuruTestNg" time="1.810" errors="0" timestamp="2024-05-13T12:08:00 IST" skipped="0">
  <testcase classname="testngassignment.DemoGuruTestNg" name="EnterCredentials" time="1.810"/>
  <system-out/>
</testsuite> <!-- testngassignment.DemoGuruTestNg -->
